{ = Asignacion
/ = Asignacion
/ = Asignacion
Prueba = Identificador
de = Identificador
fuego = Identificador
x26 = Identificador
= = Asignacion
3.141592 = Numero
/ = Asignacion
* = OpFactor
* = OpFactor
/ = Asignacion
+ = OpTermino
+ = OpTermino
+ = OpTermino
/ = Asignacion
* = OpFactor
* = OpFactor
* = OpFactor
/ = Asignacion
- = OpTermino
- = OpTermino
- = OpTermino
/ = Asignacion
* = OpFactor
* = OpFactor
* = OpFactor
* = OpFactor
/ = Asignacion
&& = OpLogico
& = Caracter
| = Caracter
| = Caracter
|= = OpRelacional
== = OpRelacional
! = OpLogico
! = OpLogico
== = OpRelacional
/ = Asignacion
/ = Asignacion
Test = Identificador
< = OpRelacional
< = OpRelacional
< = OpRelacional
>>> = OpRelacional
" = Asignacion
Hola = Identificador
mundo = Identificador
" = Asignacion
; = FinSentencia
/ = Asignacion
* = OpFactor
Cadena = Identificador
Vacia = Identificador
* = OpFactor
/ = Asignacion
" = Asignacion
" = Asignacion
; = FinSentencia
+ = OpTermino
= = Asignacion
- = OpTermino
= = Asignacion
* = OpFactor
= = Asignacion
/= = OpRelacional
% = OpFactor
= = Asignacion
