x26 = Identificador
= = Caracter
1.5e-8 = Numero
; = Caracter
= = Caracter
= = Caracter
& = Caracter
& = Caracter
& = Caracter
| = Caracter
| = Caracter
| = Caracter
! = Caracter
! = Caracter
= = Caracter
< = Caracter
< = Caracter
< = Caracter
> = Caracter
> = Caracter
> = Caracter
> = Caracter
= = Caracter
< = Caracter
= = Caracter
+ = Caracter
+ = Caracter
+ = Caracter
- = Caracter
- = Caracter
- = Caracter
+ = Caracter
= = Caracter
- = Caracter
= = Caracter
* = Caracter
/ = Caracter
* = Caracter
= = Caracter
/ = Caracter
= = Caracter
% = Caracter
% = Caracter
= = Caracter
? = Caracter
" = Caracter
" = Caracter
" = Caracter
Hola = Identificador
mundo = Identificador
" = Caracter
{ = Caracter
} = Caracter
" = Caracter
